Demo_Sample/build/outputs/logs/manifest-merger-debug-report.txt
-- Merging decision tree log ---
manifest
ADDED from Demo_Sample/AndroidManifest.xml:1:1-11:12
INJECTED from Demo_Sample/AndroidManifest.xml:1:1-11:12
INJECTED from Demo_Sample/AndroidManifest.xml:1:1-11:12
INJECTED from Demo_Sample/AndroidManifest.xml:1:1-11:12
INJECTED from Demo_Sample/AndroidManifest.xml:1:1-11:12
INJECTED from Demo_Sample/AndroidManifest.xml:1:1-11:12
INJECTED from Demo_Sample/AndroidManifest.xml:1:1-11:12
	package
		ADDED from Demo_Sample/AndroidManifest.xml:2:5-26
		INJECTED from Demo_Sample/AndroidManifest.xml
		INJECTED from Demo_Sample/AndroidManifest.xml
	android:versionName
		ADDED from Demo_Sample/AndroidManifest.xml:4:5-30
		INJECTED from Demo_Sample/AndroidManifest.xml
		INJECTED from Demo_Sample/AndroidManifest.xml
	xmlns:android
		ADDED from Demo_Sample/AndroidManifest.xml:1:11-69
	android:versionCode
		ADDED from Demo_Sample/AndroidManifest.xml:3:5-28
		INJECTED from Demo_Sample/AndroidManifest.xml
		INJECTED from Demo_Sample/AndroidManifest.xml
uses-sdk
ADDED from Demo_Sample/AndroidManifest.xml:6:5-8:41
INJECTED from Demo_Sample/AndroidManifest.xml:6:5-8:41
INJECTED from Demo_Sample/AndroidManifest.xml:6:5-8:41
INJECTED from Demo_Sample/AndroidManifest.xml:6:5-8:41
INJECTED from Demo_Sample/AndroidManifest.xml:6:5-8:41
	android:targetSdkVersion
		ADDED from Demo_Sample/AndroidManifest.xml:8:9-38
		INJECTED from Demo_Sample/AndroidManifest.xml
		INJECTED from Demo_Sample/AndroidManifest.xml
	android:minSdkVersion
		ADDED from Demo_Sample/AndroidManifest.xml:7:9-35
		INJECTED from Demo_Sample/AndroidManifest.xml
		INJECTED from Demo_Sample/AndroidManifest.xml